29-Oct-2025 15:28:23.799 INFO [main] org.apache.catalina.startup.VersionLoggerListener.log Server version name:   Apache Tomcat/10.1.47
29-Oct-2025 15:28:23.809 INFO [main] org.apache.catalina.startup.VersionLoggerListener.log Server built:          Oct 2 2025 12:03:51 UTC
29-Oct-2025 15:28:23.809 INFO [main] org.apache.catalina.startup.VersionLoggerListener.log Server version number: 10.1.47.0
29-Oct-2025 15:28:23.811 INFO [main] org.apache.catalina.startup.VersionLoggerListener.log OS Name:               Linux
29-Oct-2025 15:28:23.812 INFO [main] org.apache.catalina.startup.VersionLoggerListener.log OS Version:            6.8.0-1030-azure
29-Oct-2025 15:28:23.812 INFO [main] org.apache.catalina.startup.VersionLoggerListener.log Architecture:          amd64
29-Oct-2025 15:28:23.812 INFO [main] org.apache.catalina.startup.VersionLoggerListener.log Java Home:             /opt/java/11.0.14
29-Oct-2025 15:28:23.812 INFO [main] org.apache.catalina.startup.VersionLoggerListener.log JVM Version:           11.0.14.1+1-LTS
29-Oct-2025 15:28:23.812 INFO [main] org.apache.catalina.startup.VersionLoggerListener.log JVM Vendor:            Microsoft
29-Oct-2025 15:28:23.812 INFO [main] org.apache.catalina.startup.VersionLoggerListener.log CATALINA_BASE:         /workspaces/Parte_3_proyecto_aplicacion/apache-tomcat-10.1.47
29-Oct-2025 15:28:23.813 INFO [main] org.apache.catalina.startup.VersionLoggerListener.log CATALINA_HOME:         /workspaces/Parte_3_proyecto_aplicacion/apache-tomcat-10.1.47
29-Oct-2025 15:28:23.838 INFO [main] org.apache.catalina.startup.VersionLoggerListener.log Command line argument: -Djava.util.logging.config.file=/workspaces/Parte_3_proyecto_aplicacion/apache-tomcat-10.1.47/conf/logging.properties
29-Oct-2025 15:28:23.839 INFO [main] org.apache.catalina.startup.VersionLoggerListener.log Command line argument: -Djava.util.logging.manager=org.apache.juli.ClassLoaderLogManager
29-Oct-2025 15:28:23.840 INFO [main] org.apache.catalina.startup.VersionLoggerListener.log Command line argument: -Djdk.tls.ephemeralDHKeySize=2048
29-Oct-2025 15:28:23.840 INFO [main] org.apache.catalina.startup.VersionLoggerListener.log Command line argument: -Djava.protocol.handler.pkgs=org.apache.catalina.webresources
29-Oct-2025 15:28:23.841 INFO [main] org.apache.catalina.startup.VersionLoggerListener.log Command line argument: -Dsun.io.useCanonCaches=false
29-Oct-2025 15:28:23.841 INFO [main] org.apache.catalina.startup.VersionLoggerListener.log Command line argument: -Dorg.apache.catalina.security.SecurityListener.UMASK=0027
29-Oct-2025 15:28:23.842 INFO [main] org.apache.catalina.startup.VersionLoggerListener.log Command line argument: --add-opens=java.base/java.lang=ALL-UNNAMED
29-Oct-2025 15:28:23.842 INFO [main] org.apache.catalina.startup.VersionLoggerListener.log Command line argument: --add-opens=java.base/java.lang.reflect=ALL-UNNAMED
29-Oct-2025 15:28:23.843 INFO [main] org.apache.catalina.startup.VersionLoggerListener.log Command line argument: --add-opens=java.base/java.io=ALL-UNNAMED
29-Oct-2025 15:28:23.844 INFO [main] org.apache.catalina.startup.VersionLoggerListener.log Command line argument: --add-opens=java.base/java.util=ALL-UNNAMED
29-Oct-2025 15:28:23.844 INFO [main] org.apache.catalina.startup.VersionLoggerListener.log Command line argument: --add-opens=java.base/java.util.concurrent=ALL-UNNAMED
29-Oct-2025 15:28:23.844 INFO [main] org.apache.catalina.startup.VersionLoggerListener.log Command line argument: --add-opens=java.rmi/sun.rmi.transport=ALL-UNNAMED
29-Oct-2025 15:28:23.844 INFO [main] org.apache.catalina.startup.VersionLoggerListener.log Command line argument: -Dcatalina.base=/workspaces/Parte_3_proyecto_aplicacion/apache-tomcat-10.1.47
29-Oct-2025 15:28:23.844 INFO [main] org.apache.catalina.startup.VersionLoggerListener.log Command line argument: -Dcatalina.home=/workspaces/Parte_3_proyecto_aplicacion/apache-tomcat-10.1.47
29-Oct-2025 15:28:23.844 INFO [main] org.apache.catalina.startup.VersionLoggerListener.log Command line argument: -Djava.io.tmpdir=/workspaces/Parte_3_proyecto_aplicacion/apache-tomcat-10.1.47/temp
29-Oct-2025 15:28:23.847 INFO [main] org.apache.catalina.core.AprLifecycleListener.lifecycleEvent The Apache Tomcat Native library which allows using OpenSSL was not found on the java.library.path: [/usr/java/packages/lib:/usr/lib64:/lib64:/lib:/usr/lib]
29-Oct-2025 15:28:24.267 INFO [main] org.apache.coyote.AbstractProtocol.init Initializing ProtocolHandler ["http-nio-8080"]
29-Oct-2025 15:28:24.309 INFO [main] org.apache.catalina.startup.Catalina.load Server initialization in [833] milliseconds
29-Oct-2025 15:28:24.364 INFO [main] org.apache.catalina.core.StandardService.startInternal Starting service [Catalina]
29-Oct-2025 15:28:24.364 INFO [main] org.apache.catalina.core.StandardEngine.startInternal Starting Servlet engine: [Apache Tomcat/10.1.47]
29-Oct-2025 15:28:24.384 INFO [main] org.apache.catalina.startup.HostConfig.deployWAR Deploying web application archive [/workspaces/Parte_3_proyecto_aplicacion/apache-tomcat-10.1.47/webapps/ROOT.war]
29-Oct-2025 15:28:24.868 INFO [main] org.apache.catalina.startup.HostConfig.deployWAR Deployment of web application archive [/workspaces/Parte_3_proyecto_aplicacion/apache-tomcat-10.1.47/webapps/ROOT.war] has finished in [481] ms
29-Oct-2025 15:28:24.869 INFO [main] org.apache.catalina.startup.HostConfig.deployDirectory Deploying web application directory [/workspaces/Parte_3_proyecto_aplicacion/apache-tomcat-10.1.47/webapps/docs]
29-Oct-2025 15:28:24.929 INFO [main] org.apache.catalina.startup.HostConfig.deployDirectory Deployment of web application directory [/workspaces/Parte_3_proyecto_aplicacion/apache-tomcat-10.1.47/webapps/docs] has finished in [60] ms
29-Oct-2025 15:28:24.933 INFO [main] org.apache.catalina.startup.HostConfig.deployDirectory Deploying web application directory [/workspaces/Parte_3_proyecto_aplicacion/apache-tomcat-10.1.47/webapps/examples]
29-Oct-2025 15:28:25.285 INFO [main] org.apache.catalina.startup.HostConfig.deployDirectory Deployment of web application directory [/workspaces/Parte_3_proyecto_aplicacion/apache-tomcat-10.1.47/webapps/examples] has finished in [352] ms
29-Oct-2025 15:28:25.286 INFO [main] org.apache.catalina.startup.HostConfig.deployDirectory Deploying web application directory [/workspaces/Parte_3_proyecto_aplicacion/apache-tomcat-10.1.47/webapps/host-manager]
29-Oct-2025 15:28:25.308 INFO [main] org.apache.catalina.startup.HostConfig.deployDirectory Deployment of web application directory [/workspaces/Parte_3_proyecto_aplicacion/apache-tomcat-10.1.47/webapps/host-manager] has finished in [22] ms
29-Oct-2025 15:28:25.308 INFO [main] org.apache.catalina.startup.HostConfig.deployDirectory Deploying web application directory [/workspaces/Parte_3_proyecto_aplicacion/apache-tomcat-10.1.47/webapps/manager]
29-Oct-2025 15:28:25.328 INFO [main] org.apache.catalina.startup.HostConfig.deployDirectory Deployment of web application directory [/workspaces/Parte_3_proyecto_aplicacion/apache-tomcat-10.1.47/webapps/manager] has finished in [19] ms
29-Oct-2025 15:28:25.333 INFO [main] org.apache.coyote.AbstractProtocol.start Starting ProtocolHandler ["http-nio-8080"]
29-Oct-2025 15:28:25.346 INFO [main] org.apache.catalina.startup.Catalina.start Server startup in [1035] milliseconds
29-Oct-2025 15:33:24.900 INFO [main] org.apache.catalina.core.StandardServer.await A valid shutdown command was received via the shutdown port. Stopping the Server instance.
29-Oct-2025 15:33:24.902 INFO [main] org.apache.coyote.AbstractProtocol.pause Pausing ProtocolHandler ["http-nio-8080"]
29-Oct-2025 15:33:24.904 INFO [main] org.apache.catalina.core.StandardService.stopInternal Stopping service [Catalina]
29-Oct-2025 15:33:24.930 INFO [main] org.apache.coyote.AbstractProtocol.stop Stopping ProtocolHandler ["http-nio-8080"]
29-Oct-2025 15:33:24.942 INFO [main] org.apache.coyote.AbstractProtocol.destroy Destroying ProtocolHandler ["http-nio-8080"]
29-Oct-2025 15:33:26.867 INFO [main] org.apache.catalina.startup.VersionLoggerListener.log Server version name:   Apache Tomcat/10.1.47
29-Oct-2025 15:33:26.877 INFO [main] org.apache.catalina.startup.VersionLoggerListener.log Server built:          Oct 2 2025 12:03:51 UTC
29-Oct-2025 15:33:26.879 INFO [main] org.apache.catalina.startup.VersionLoggerListener.log Server version number: 10.1.47.0
29-Oct-2025 15:33:26.879 INFO [main] org.apache.catalina.startup.VersionLoggerListener.log OS Name:               Linux
29-Oct-2025 15:33:26.879 INFO [main] org.apache.catalina.startup.VersionLoggerListener.log OS Version:            6.8.0-1030-azure
29-Oct-2025 15:33:26.879 INFO [main] org.apache.catalina.startup.VersionLoggerListener.log Architecture:          amd64
29-Oct-2025 15:33:26.879 INFO [main] org.apache.catalina.startup.VersionLoggerListener.log Java Home:             /opt/java/11.0.14
29-Oct-2025 15:33:26.880 INFO [main] org.apache.catalina.startup.VersionLoggerListener.log JVM Version:           11.0.14.1+1-LTS
29-Oct-2025 15:33:26.880 INFO [main] org.apache.catalina.startup.VersionLoggerListener.log JVM Vendor:            Microsoft
29-Oct-2025 15:33:26.880 INFO [main] org.apache.catalina.startup.VersionLoggerListener.log CATALINA_BASE:         /workspaces/Parte_3_proyecto_aplicacion/apache-tomcat-10.1.47
29-Oct-2025 15:33:26.880 INFO [main] org.apache.catalina.startup.VersionLoggerListener.log CATALINA_HOME:         /workspaces/Parte_3_proyecto_aplicacion/apache-tomcat-10.1.47
29-Oct-2025 15:33:26.896 INFO [main] org.apache.catalina.startup.VersionLoggerListener.log Command line argument: -Djava.util.logging.config.file=/workspaces/Parte_3_proyecto_aplicacion/apache-tomcat-10.1.47/conf/logging.properties
29-Oct-2025 15:33:26.898 INFO [main] org.apache.catalina.startup.VersionLoggerListener.log Command line argument: -Djava.util.logging.manager=org.apache.juli.ClassLoaderLogManager
29-Oct-2025 15:33:26.899 INFO [main] org.apache.catalina.startup.VersionLoggerListener.log Command line argument: -Djdk.tls.ephemeralDHKeySize=2048
29-Oct-2025 15:33:26.899 INFO [main] org.apache.catalina.startup.VersionLoggerListener.log Command line argument: -Djava.protocol.handler.pkgs=org.apache.catalina.webresources
29-Oct-2025 15:33:26.900 INFO [main] org.apache.catalina.startup.VersionLoggerListener.log Command line argument: -Dsun.io.useCanonCaches=false
29-Oct-2025 15:33:26.900 INFO [main] org.apache.catalina.startup.VersionLoggerListener.log Command line argument: -Dorg.apache.catalina.security.SecurityListener.UMASK=0027
29-Oct-2025 15:33:26.900 INFO [main] org.apache.catalina.startup.VersionLoggerListener.log Command line argument: --add-opens=java.base/java.lang=ALL-UNNAMED
29-Oct-2025 15:33:26.901 INFO [main] org.apache.catalina.startup.VersionLoggerListener.log Command line argument: --add-opens=java.base/java.lang.reflect=ALL-UNNAMED
29-Oct-2025 15:33:26.902 INFO [main] org.apache.catalina.startup.VersionLoggerListener.log Command line argument: --add-opens=java.base/java.io=ALL-UNNAMED
29-Oct-2025 15:33:26.902 INFO [main] org.apache.catalina.startup.VersionLoggerListener.log Command line argument: --add-opens=java.base/java.util=ALL-UNNAMED
29-Oct-2025 15:33:26.903 INFO [main] org.apache.catalina.startup.VersionLoggerListener.log Command line argument: --add-opens=java.base/java.util.concurrent=ALL-UNNAMED
29-Oct-2025 15:33:26.903 INFO [main] org.apache.catalina.startup.VersionLoggerListener.log Command line argument: --add-opens=java.rmi/sun.rmi.transport=ALL-UNNAMED
29-Oct-2025 15:33:26.903 INFO [main] org.apache.catalina.startup.VersionLoggerListener.log Command line argument: -Dcatalina.base=/workspaces/Parte_3_proyecto_aplicacion/apache-tomcat-10.1.47
29-Oct-2025 15:33:26.903 INFO [main] org.apache.catalina.startup.VersionLoggerListener.log Command line argument: -Dcatalina.home=/workspaces/Parte_3_proyecto_aplicacion/apache-tomcat-10.1.47
29-Oct-2025 15:33:26.903 INFO [main] org.apache.catalina.startup.VersionLoggerListener.log Command line argument: -Djava.io.tmpdir=/workspaces/Parte_3_proyecto_aplicacion/apache-tomcat-10.1.47/temp
29-Oct-2025 15:33:26.905 INFO [main] org.apache.catalina.core.AprLifecycleListener.lifecycleEvent The Apache Tomcat Native library which allows using OpenSSL was not found on the java.library.path: [/usr/java/packages/lib:/usr/lib64:/lib64:/lib:/usr/lib]
29-Oct-2025 15:33:27.398 INFO [main] org.apache.coyote.AbstractProtocol.init Initializing ProtocolHandler ["http-nio-8080"]
29-Oct-2025 15:33:27.448 INFO [main] org.apache.catalina.startup.Catalina.load Server initialization in [898] milliseconds
29-Oct-2025 15:33:27.536 INFO [main] org.apache.catalina.core.StandardService.startInternal Starting service [Catalina]
29-Oct-2025 15:33:27.537 INFO [main] org.apache.catalina.core.StandardEngine.startInternal Starting Servlet engine: [Apache Tomcat/10.1.47]
29-Oct-2025 15:33:27.562 INFO [main] org.apache.catalina.startup.HostConfig.deployWAR Deploying web application archive [/workspaces/Parte_3_proyecto_aplicacion/apache-tomcat-10.1.47/webapps/ROOT.war]
29-Oct-2025 15:33:28.054 INFO [main] org.apache.catalina.startup.HostConfig.deployWAR Deployment of web application archive [/workspaces/Parte_3_proyecto_aplicacion/apache-tomcat-10.1.47/webapps/ROOT.war] has finished in [491] ms
29-Oct-2025 15:33:28.055 INFO [main] org.apache.catalina.startup.HostConfig.deployDirectory Deploying web application directory [/workspaces/Parte_3_proyecto_aplicacion/apache-tomcat-10.1.47/webapps/docs]
29-Oct-2025 15:33:28.080 INFO [main] org.apache.catalina.startup.HostConfig.deployDirectory Deployment of web application directory [/workspaces/Parte_3_proyecto_aplicacion/apache-tomcat-10.1.47/webapps/docs] has finished in [25] ms
29-Oct-2025 15:33:28.080 INFO [main] org.apache.catalina.startup.HostConfig.deployDirectory Deploying web application directory [/workspaces/Parte_3_proyecto_aplicacion/apache-tomcat-10.1.47/webapps/examples]
29-Oct-2025 15:33:28.426 INFO [main] org.apache.catalina.startup.HostConfig.deployDirectory Deployment of web application directory [/workspaces/Parte_3_proyecto_aplicacion/apache-tomcat-10.1.47/webapps/examples] has finished in [346] ms
29-Oct-2025 15:33:28.427 INFO [main] org.apache.catalina.startup.HostConfig.deployDirectory Deploying web application directory [/workspaces/Parte_3_proyecto_aplicacion/apache-tomcat-10.1.47/webapps/host-manager]
29-Oct-2025 15:33:28.465 INFO [main] org.apache.catalina.startup.HostConfig.deployDirectory Deployment of web application directory [/workspaces/Parte_3_proyecto_aplicacion/apache-tomcat-10.1.47/webapps/host-manager] has finished in [39] ms
29-Oct-2025 15:33:28.465 INFO [main] org.apache.catalina.startup.HostConfig.deployDirectory Deploying web application directory [/workspaces/Parte_3_proyecto_aplicacion/apache-tomcat-10.1.47/webapps/manager]
29-Oct-2025 15:33:28.500 INFO [main] org.apache.catalina.startup.HostConfig.deployDirectory Deployment of web application directory [/workspaces/Parte_3_proyecto_aplicacion/apache-tomcat-10.1.47/webapps/manager] has finished in [34] ms
29-Oct-2025 15:33:28.505 INFO [main] org.apache.coyote.AbstractProtocol.start Starting ProtocolHandler ["http-nio-8080"]
29-Oct-2025 15:33:28.533 INFO [main] org.apache.catalina.startup.Catalina.start Server startup in [1083] milliseconds
29-Oct-2025 15:49:07.925 INFO [main] org.apache.catalina.core.StandardServer.await A valid shutdown command was received via the shutdown port. Stopping the Server instance.
29-Oct-2025 15:49:07.926 INFO [main] org.apache.coyote.AbstractProtocol.pause Pausing ProtocolHandler ["http-nio-8080"]
29-Oct-2025 15:49:07.931 INFO [main] org.apache.catalina.core.StandardService.stopInternal Stopping service [Catalina]
29-Oct-2025 15:49:07.977 INFO [main] org.apache.coyote.AbstractProtocol.stop Stopping ProtocolHandler ["http-nio-8080"]
29-Oct-2025 15:49:07.988 INFO [main] org.apache.coyote.AbstractProtocol.destroy Destroying ProtocolHandler ["http-nio-8080"]
29-Oct-2025 15:49:09.857 INFO [main] org.apache.catalina.startup.VersionLoggerListener.log Server version name:   Apache Tomcat/10.1.47
29-Oct-2025 15:49:09.870 INFO [main] org.apache.catalina.startup.VersionLoggerListener.log Server built:          Oct 2 2025 12:03:51 UTC
29-Oct-2025 15:49:09.871 INFO [main] org.apache.catalina.startup.VersionLoggerListener.log Server version number: 10.1.47.0
29-Oct-2025 15:49:09.871 INFO [main] org.apache.catalina.startup.VersionLoggerListener.log OS Name:               Linux
29-Oct-2025 15:49:09.871 INFO [main] org.apache.catalina.startup.VersionLoggerListener.log OS Version:            6.8.0-1030-azure
29-Oct-2025 15:49:09.871 INFO [main] org.apache.catalina.startup.VersionLoggerListener.log Architecture:          amd64
29-Oct-2025 15:49:09.871 INFO [main] org.apache.catalina.startup.VersionLoggerListener.log Java Home:             /opt/java/11.0.14
29-Oct-2025 15:49:09.871 INFO [main] org.apache.catalina.startup.VersionLoggerListener.log JVM Version:           11.0.14.1+1-LTS
29-Oct-2025 15:49:09.876 INFO [main] org.apache.catalina.startup.VersionLoggerListener.log JVM Vendor:            Microsoft
29-Oct-2025 15:49:09.876 INFO [main] org.apache.catalina.startup.VersionLoggerListener.log CATALINA_BASE:         /workspaces/Parte_3_proyecto_aplicacion/apache-tomcat-10.1.47
29-Oct-2025 15:49:09.876 INFO [main] org.apache.catalina.startup.VersionLoggerListener.log CATALINA_HOME:         /workspaces/Parte_3_proyecto_aplicacion/apache-tomcat-10.1.47
29-Oct-2025 15:49:09.903 INFO [main] org.apache.catalina.startup.VersionLoggerListener.log Command line argument: -Djava.util.logging.config.file=/workspaces/Parte_3_proyecto_aplicacion/apache-tomcat-10.1.47/conf/logging.properties
29-Oct-2025 15:49:09.908 INFO [main] org.apache.catalina.startup.VersionLoggerListener.log Command line argument: -Djava.util.logging.manager=org.apache.juli.ClassLoaderLogManager
29-Oct-2025 15:49:09.908 INFO [main] org.apache.catalina.startup.VersionLoggerListener.log Command line argument: -Djdk.tls.ephemeralDHKeySize=2048
29-Oct-2025 15:49:09.911 INFO [main] org.apache.catalina.startup.VersionLoggerListener.log Command line argument: -Djava.protocol.handler.pkgs=org.apache.catalina.webresources
29-Oct-2025 15:49:09.911 INFO [main] org.apache.catalina.startup.VersionLoggerListener.log Command line argument: -Dsun.io.useCanonCaches=false
29-Oct-2025 15:49:09.912 INFO [main] org.apache.catalina.startup.VersionLoggerListener.log Command line argument: -Dorg.apache.catalina.security.SecurityListener.UMASK=0027
29-Oct-2025 15:49:09.912 INFO [main] org.apache.catalina.startup.VersionLoggerListener.log Command line argument: --add-opens=java.base/java.lang=ALL-UNNAMED
29-Oct-2025 15:49:09.912 INFO [main] org.apache.catalina.startup.VersionLoggerListener.log Command line argument: --add-opens=java.base/java.lang.reflect=ALL-UNNAMED
29-Oct-2025 15:49:09.912 INFO [main] org.apache.catalina.startup.VersionLoggerListener.log Command line argument: --add-opens=java.base/java.io=ALL-UNNAMED
29-Oct-2025 15:49:09.912 INFO [main] org.apache.catalina.startup.VersionLoggerListener.log Command line argument: --add-opens=java.base/java.util=ALL-UNNAMED
29-Oct-2025 15:49:09.912 INFO [main] org.apache.catalina.startup.VersionLoggerListener.log Command line argument: --add-opens=java.base/java.util.concurrent=ALL-UNNAMED
29-Oct-2025 15:49:09.912 INFO [main] org.apache.catalina.startup.VersionLoggerListener.log Command line argument: --add-opens=java.rmi/sun.rmi.transport=ALL-UNNAMED
29-Oct-2025 15:49:09.914 INFO [main] org.apache.catalina.startup.VersionLoggerListener.log Command line argument: -Dcatalina.base=/workspaces/Parte_3_proyecto_aplicacion/apache-tomcat-10.1.47
29-Oct-2025 15:49:09.914 INFO [main] org.apache.catalina.startup.VersionLoggerListener.log Command line argument: -Dcatalina.home=/workspaces/Parte_3_proyecto_aplicacion/apache-tomcat-10.1.47
29-Oct-2025 15:49:09.914 INFO [main] org.apache.catalina.startup.VersionLoggerListener.log Command line argument: -Djava.io.tmpdir=/workspaces/Parte_3_proyecto_aplicacion/apache-tomcat-10.1.47/temp
29-Oct-2025 15:49:09.920 INFO [main] org.apache.catalina.core.AprLifecycleListener.lifecycleEvent The Apache Tomcat Native library which allows using OpenSSL was not found on the java.library.path: [/usr/java/packages/lib:/usr/lib64:/lib64:/lib:/usr/lib]
29-Oct-2025 15:49:11.240 INFO [main] org.apache.coyote.AbstractProtocol.init Initializing ProtocolHandler ["http-nio-8080"]
29-Oct-2025 15:49:11.299 INFO [main] org.apache.catalina.startup.Catalina.load Server initialization in [1901] milliseconds
29-Oct-2025 15:49:11.373 INFO [main] org.apache.catalina.core.StandardService.startInternal Starting service [Catalina]
29-Oct-2025 15:49:11.373 INFO [main] org.apache.catalina.core.StandardEngine.startInternal Starting Servlet engine: [Apache Tomcat/10.1.47]
29-Oct-2025 15:49:11.402 INFO [main] org.apache.catalina.startup.HostConfig.deployWAR Deploying web application archive [/workspaces/Parte_3_proyecto_aplicacion/apache-tomcat-10.1.47/webapps/ROOT.war]
29-Oct-2025 15:49:11.863 INFO [main] org.apache.catalina.startup.HostConfig.deployWAR Deployment of web application archive [/workspaces/Parte_3_proyecto_aplicacion/apache-tomcat-10.1.47/webapps/ROOT.war] has finished in [460] ms
29-Oct-2025 15:49:11.864 INFO [main] org.apache.catalina.startup.HostConfig.deployDirectory Deploying web application directory [/workspaces/Parte_3_proyecto_aplicacion/apache-tomcat-10.1.47/webapps/docs]
29-Oct-2025 15:49:11.899 INFO [main] org.apache.catalina.startup.HostConfig.deployDirectory Deployment of web application directory [/workspaces/Parte_3_proyecto_aplicacion/apache-tomcat-10.1.47/webapps/docs] has finished in [34] ms
29-Oct-2025 15:49:11.899 INFO [main] org.apache.catalina.startup.HostConfig.deployDirectory Deploying web application directory [/workspaces/Parte_3_proyecto_aplicacion/apache-tomcat-10.1.47/webapps/examples]
29-Oct-2025 15:49:12.202 INFO [main] org.apache.catalina.startup.HostConfig.deployDirectory Deployment of web application directory [/workspaces/Parte_3_proyecto_aplicacion/apache-tomcat-10.1.47/webapps/examples] has finished in [303] ms
29-Oct-2025 15:49:12.204 INFO [main] org.apache.catalina.startup.HostConfig.deployDirectory Deploying web application directory [/workspaces/Parte_3_proyecto_aplicacion/apache-tomcat-10.1.47/webapps/host-manager]
29-Oct-2025 15:49:12.243 INFO [main] org.apache.catalina.startup.HostConfig.deployDirectory Deployment of web application directory [/workspaces/Parte_3_proyecto_aplicacion/apache-tomcat-10.1.47/webapps/host-manager] has finished in [39] ms
29-Oct-2025 15:49:12.244 INFO [main] org.apache.catalina.startup.HostConfig.deployDirectory Deploying web application directory [/workspaces/Parte_3_proyecto_aplicacion/apache-tomcat-10.1.47/webapps/manager]
29-Oct-2025 15:49:12.266 INFO [main] org.apache.catalina.startup.HostConfig.deployDirectory Deployment of web application directory [/workspaces/Parte_3_proyecto_aplicacion/apache-tomcat-10.1.47/webapps/manager] has finished in [22] ms
29-Oct-2025 15:49:12.271 INFO [main] org.apache.coyote.AbstractProtocol.start Starting ProtocolHandler ["http-nio-8080"]
29-Oct-2025 15:49:12.285 INFO [main] org.apache.catalina.startup.Catalina.start Server startup in [985] milliseconds
29-Oct-2025 15:49:32.283 INFO [Catalina-utility-1] org.apache.catalina.users.MemoryUserDatabase.backgroundProcess Reloading memory user database [UserDatabase] from updated source [file:/workspaces/Parte_3_proyecto_aplicacion/apache-tomcat-10.1.47/conf/tomcat-users.xml]
30-Oct-2025 12:27:45.733 INFO [main] org.apache.catalina.startup.VersionLoggerListener.log Server version name:   Apache Tomcat/10.1.47
30-Oct-2025 12:27:45.780 INFO [main] org.apache.catalina.startup.VersionLoggerListener.log Server built:          Oct 2 2025 12:03:51 UTC
30-Oct-2025 12:27:45.781 INFO [main] org.apache.catalina.startup.VersionLoggerListener.log Server version number: 10.1.47.0
30-Oct-2025 12:27:45.782 INFO [main] org.apache.catalina.startup.VersionLoggerListener.log OS Name:               Linux
30-Oct-2025 12:27:45.782 INFO [main] org.apache.catalina.startup.VersionLoggerListener.log OS Version:            6.8.0-1030-azure
30-Oct-2025 12:27:45.782 INFO [main] org.apache.catalina.startup.VersionLoggerListener.log Architecture:          amd64
30-Oct-2025 12:27:45.782 INFO [main] org.apache.catalina.startup.VersionLoggerListener.log Java Home:             /opt/java/11.0.14
30-Oct-2025 12:27:45.782 INFO [main] org.apache.catalina.startup.VersionLoggerListener.log JVM Version:           11.0.14.1+1-LTS
30-Oct-2025 12:27:45.782 INFO [main] org.apache.catalina.startup.VersionLoggerListener.log JVM Vendor:            Microsoft
30-Oct-2025 12:27:45.783 INFO [main] org.apache.catalina.startup.VersionLoggerListener.log CATALINA_BASE:         /workspaces/Parte_3_proyecto_aplicacion/apache-tomcat-10.1.47
30-Oct-2025 12:27:45.783 INFO [main] org.apache.catalina.startup.VersionLoggerListener.log CATALINA_HOME:         /workspaces/Parte_3_proyecto_aplicacion/apache-tomcat-10.1.47
30-Oct-2025 12:27:45.826 INFO [main] org.apache.catalina.startup.VersionLoggerListener.log Command line argument: -Djava.util.logging.config.file=/workspaces/Parte_3_proyecto_aplicacion/apache-tomcat-10.1.47/conf/logging.properties
30-Oct-2025 12:27:45.826 INFO [main] org.apache.catalina.startup.VersionLoggerListener.log Command line argument: -Djava.util.logging.manager=org.apache.juli.ClassLoaderLogManager
30-Oct-2025 12:27:45.826 INFO [main] org.apache.catalina.startup.VersionLoggerListener.log Command line argument: -Djdk.tls.ephemeralDHKeySize=2048
30-Oct-2025 12:27:45.827 INFO [main] org.apache.catalina.startup.VersionLoggerListener.log Command line argument: -Djava.protocol.handler.pkgs=org.apache.catalina.webresources
30-Oct-2025 12:27:45.827 INFO [main] org.apache.catalina.startup.VersionLoggerListener.log Command line argument: -Dsun.io.useCanonCaches=false
30-Oct-2025 12:27:45.827 INFO [main] org.apache.catalina.startup.VersionLoggerListener.log Command line argument: -Dorg.apache.catalina.security.SecurityListener.UMASK=0027
30-Oct-2025 12:27:45.828 INFO [main] org.apache.catalina.startup.VersionLoggerListener.log Command line argument: --add-opens=java.base/java.lang=ALL-UNNAMED
30-Oct-2025 12:27:45.829 INFO [main] org.apache.catalina.startup.VersionLoggerListener.log Command line argument: --add-opens=java.base/java.lang.reflect=ALL-UNNAMED
30-Oct-2025 12:27:45.831 INFO [main] org.apache.catalina.startup.VersionLoggerListener.log Command line argument: --add-opens=java.base/java.io=ALL-UNNAMED
30-Oct-2025 12:27:45.832 INFO [main] org.apache.catalina.startup.VersionLoggerListener.log Command line argument: --add-opens=java.base/java.util=ALL-UNNAMED
30-Oct-2025 12:27:45.832 INFO [main] org.apache.catalina.startup.VersionLoggerListener.log Command line argument: --add-opens=java.base/java.util.concurrent=ALL-UNNAMED
30-Oct-2025 12:27:45.832 INFO [main] org.apache.catalina.startup.VersionLoggerListener.log Command line argument: --add-opens=java.rmi/sun.rmi.transport=ALL-UNNAMED
30-Oct-2025 12:27:45.832 INFO [main] org.apache.catalina.startup.VersionLoggerListener.log Command line argument: -Dcatalina.base=/workspaces/Parte_3_proyecto_aplicacion/apache-tomcat-10.1.47
30-Oct-2025 12:27:45.832 INFO [main] org.apache.catalina.startup.VersionLoggerListener.log Command line argument: -Dcatalina.home=/workspaces/Parte_3_proyecto_aplicacion/apache-tomcat-10.1.47
30-Oct-2025 12:27:45.832 INFO [main] org.apache.catalina.startup.VersionLoggerListener.log Command line argument: -Djava.io.tmpdir=/workspaces/Parte_3_proyecto_aplicacion/apache-tomcat-10.1.47/temp
30-Oct-2025 12:27:45.836 INFO [main] org.apache.catalina.core.AprLifecycleListener.lifecycleEvent The Apache Tomcat Native library which allows using OpenSSL was not found on the java.library.path: [/usr/java/packages/lib:/usr/lib64:/lib64:/lib:/usr/lib]
30-Oct-2025 12:27:46.506 INFO [main] org.apache.coyote.AbstractProtocol.init Initializing ProtocolHandler ["http-nio-8080"]
30-Oct-2025 12:27:46.554 INFO [main] org.apache.catalina.startup.Catalina.load Server initialization in [1140] milliseconds
30-Oct-2025 12:27:46.632 INFO [main] org.apache.catalina.core.StandardService.startInternal Starting service [Catalina]
30-Oct-2025 12:27:46.632 INFO [main] org.apache.catalina.core.StandardEngine.startInternal Starting Servlet engine: [Apache Tomcat/10.1.47]
30-Oct-2025 12:27:46.747 INFO [main] org.apache.catalina.startup.HostConfig.deployWAR Deploying web application archive [/workspaces/Parte_3_proyecto_aplicacion/apache-tomcat-10.1.47/webapps/ROOT.war]
30-Oct-2025 12:27:47.782 INFO [main] org.apache.jasper.servlet.TldScanner.scanJars At least one JAR was scanned for TLDs yet contained no TLDs. Enable debug logging for this logger for a complete list of JARs that were scanned but no TLDs were found in them. Skipping unneeded JARs during scanning can improve startup time and JSP compilation time.
30-Oct-2025 12:27:47.848 INFO [main] org.apache.catalina.startup.HostConfig.deployWAR Deployment of web application archive [/workspaces/Parte_3_proyecto_aplicacion/apache-tomcat-10.1.47/webapps/ROOT.war] has finished in [1,101] ms
30-Oct-2025 12:27:47.849 INFO [main] org.apache.catalina.startup.HostConfig.deployDirectory Deploying web application directory [/workspaces/Parte_3_proyecto_aplicacion/apache-tomcat-10.1.47/webapps/docs]
30-Oct-2025 12:27:48.060 INFO [main] org.apache.jasper.servlet.TldScanner.scanJars At least one JAR was scanned for TLDs yet contained no TLDs. Enable debug logging for this logger for a complete list of JARs that were scanned but no TLDs were found in them. Skipping unneeded JARs during scanning can improve startup time and JSP compilation time.
30-Oct-2025 12:27:48.063 INFO [main] org.apache.catalina.startup.HostConfig.deployDirectory Deployment of web application directory [/workspaces/Parte_3_proyecto_aplicacion/apache-tomcat-10.1.47/webapps/docs] has finished in [213] ms
30-Oct-2025 12:27:48.063 INFO [main] org.apache.catalina.startup.HostConfig.deployDirectory Deploying web application directory [/workspaces/Parte_3_proyecto_aplicacion/apache-tomcat-10.1.47/webapps/examples]
30-Oct-2025 12:27:48.544 INFO [main] org.apache.jasper.servlet.TldScanner.scanJars At least one JAR was scanned for TLDs yet contained no TLDs. Enable debug logging for this logger for a complete list of JARs that were scanned but no TLDs were found in them. Skipping unneeded JARs during scanning can improve startup time and JSP compilation time.
30-Oct-2025 12:27:48.591 INFO [main] org.apache.catalina.startup.HostConfig.deployDirectory Deployment of web application directory [/workspaces/Parte_3_proyecto_aplicacion/apache-tomcat-10.1.47/webapps/examples] has finished in [528] ms
30-Oct-2025 12:27:48.591 INFO [main] org.apache.catalina.startup.HostConfig.deployDirectory Deploying web application directory [/workspaces/Parte_3_proyecto_aplicacion/apache-tomcat-10.1.47/webapps/host-manager]
30-Oct-2025 12:27:48.763 INFO [main] org.apache.jasper.servlet.TldScanner.scanJars At least one JAR was scanned for TLDs yet contained no TLDs. Enable debug logging for this logger for a complete list of JARs that were scanned but no TLDs were found in them. Skipping unneeded JARs during scanning can improve startup time and JSP compilation time.
30-Oct-2025 12:27:48.767 INFO [main] org.apache.catalina.startup.HostConfig.deployDirectory Deployment of web application directory [/workspaces/Parte_3_proyecto_aplicacion/apache-tomcat-10.1.47/webapps/host-manager] has finished in [176] ms
30-Oct-2025 12:27:48.767 INFO [main] org.apache.catalina.startup.HostConfig.deployDirectory Deploying web application directory [/workspaces/Parte_3_proyecto_aplicacion/apache-tomcat-10.1.47/webapps/manager]
30-Oct-2025 12:27:48.968 INFO [main] org.apache.jasper.servlet.TldScanner.scanJars At least one JAR was scanned for TLDs yet contained no TLDs. Enable debug logging for this logger for a complete list of JARs that were scanned but no TLDs were found in them. Skipping unneeded JARs during scanning can improve startup time and JSP compilation time.
30-Oct-2025 12:27:48.972 INFO [main] org.apache.catalina.startup.HostConfig.deployDirectory Deployment of web application directory [/workspaces/Parte_3_proyecto_aplicacion/apache-tomcat-10.1.47/webapps/manager] has finished in [205] ms
30-Oct-2025 12:27:48.981 INFO [main] org.apache.coyote.AbstractProtocol.start Starting ProtocolHandler ["http-nio-8080"]
30-Oct-2025 12:27:48.996 INFO [main] org.apache.catalina.startup.Catalina.start Server startup in [2441] milliseconds
30-Oct-2025 12:34:34.607 INFO [main] org.apache.catalina.core.StandardServer.await A valid shutdown command was received via the shutdown port. Stopping the Server instance.
30-Oct-2025 12:34:34.607 INFO [main] org.apache.coyote.AbstractProtocol.pause Pausing ProtocolHandler ["http-nio-8080"]
30-Oct-2025 12:34:34.612 INFO [main] org.apache.catalina.core.StandardService.stopInternal Stopping service [Catalina]
30-Oct-2025 12:34:34.650 INFO [main] org.apache.coyote.AbstractProtocol.stop Stopping ProtocolHandler ["http-nio-8080"]
30-Oct-2025 12:34:34.661 INFO [main] org.apache.coyote.AbstractProtocol.destroy Destroying ProtocolHandler ["http-nio-8080"]
30-Oct-2025 12:34:36.616 INFO [main] org.apache.catalina.startup.VersionLoggerListener.log Server version name:   Apache Tomcat/10.1.47
30-Oct-2025 12:34:36.624 INFO [main] org.apache.catalina.startup.VersionLoggerListener.log Server built:          Oct 2 2025 12:03:51 UTC
30-Oct-2025 12:34:36.626 INFO [main] org.apache.catalina.startup.VersionLoggerListener.log Server version number: 10.1.47.0
30-Oct-2025 12:34:36.628 INFO [main] org.apache.catalina.startup.VersionLoggerListener.log OS Name:               Linux
30-Oct-2025 12:34:36.628 INFO [main] org.apache.catalina.startup.VersionLoggerListener.log OS Version:            6.8.0-1030-azure
30-Oct-2025 12:34:36.628 INFO [main] org.apache.catalina.startup.VersionLoggerListener.log Architecture:          amd64
30-Oct-2025 12:34:36.629 INFO [main] org.apache.catalina.startup.VersionLoggerListener.log Java Home:             /opt/java/11.0.14
30-Oct-2025 12:34:36.629 INFO [main] org.apache.catalina.startup.VersionLoggerListener.log JVM Version:           11.0.14.1+1-LTS
30-Oct-2025 12:34:36.629 INFO [main] org.apache.catalina.startup.VersionLoggerListener.log JVM Vendor:            Microsoft
30-Oct-2025 12:34:36.629 INFO [main] org.apache.catalina.startup.VersionLoggerListener.log CATALINA_BASE:         /workspaces/Parte_3_proyecto_aplicacion/apache-tomcat-10.1.47
30-Oct-2025 12:34:36.629 INFO [main] org.apache.catalina.startup.VersionLoggerListener.log CATALINA_HOME:         /workspaces/Parte_3_proyecto_aplicacion/apache-tomcat-10.1.47
30-Oct-2025 12:34:36.663 INFO [main] org.apache.catalina.startup.VersionLoggerListener.log Command line argument: -Djava.util.logging.config.file=/workspaces/Parte_3_proyecto_aplicacion/apache-tomcat-10.1.47/conf/logging.properties
30-Oct-2025 12:34:36.663 INFO [main] org.apache.catalina.startup.VersionLoggerListener.log Command line argument: -Djava.util.logging.manager=org.apache.juli.ClassLoaderLogManager
30-Oct-2025 12:34:36.663 INFO [main] org.apache.catalina.startup.VersionLoggerListener.log Command line argument: -Djdk.tls.ephemeralDHKeySize=2048
30-Oct-2025 12:34:36.663 INFO [main] org.apache.catalina.startup.VersionLoggerListener.log Command line argument: -Djava.protocol.handler.pkgs=org.apache.catalina.webresources
30-Oct-2025 12:34:36.664 INFO [main] org.apache.catalina.startup.VersionLoggerListener.log Command line argument: -Dsun.io.useCanonCaches=false
30-Oct-2025 12:34:36.664 INFO [main] org.apache.catalina.startup.VersionLoggerListener.log Command line argument: -Dorg.apache.catalina.security.SecurityListener.UMASK=0027
30-Oct-2025 12:34:36.664 INFO [main] org.apache.catalina.startup.VersionLoggerListener.log Command line argument: --add-opens=java.base/java.lang=ALL-UNNAMED
30-Oct-2025 12:34:36.664 INFO [main] org.apache.catalina.startup.VersionLoggerListener.log Command line argument: --add-opens=java.base/java.lang.reflect=ALL-UNNAMED
30-Oct-2025 12:34:36.668 INFO [main] org.apache.catalina.startup.VersionLoggerListener.log Command line argument: --add-opens=java.base/java.io=ALL-UNNAMED
30-Oct-2025 12:34:36.668 INFO [main] org.apache.catalina.startup.VersionLoggerListener.log Command line argument: --add-opens=java.base/java.util=ALL-UNNAMED
30-Oct-2025 12:34:36.669 INFO [main] org.apache.catalina.startup.VersionLoggerListener.log Command line argument: --add-opens=java.base/java.util.concurrent=ALL-UNNAMED
30-Oct-2025 12:34:36.669 INFO [main] org.apache.catalina.startup.VersionLoggerListener.log Command line argument: --add-opens=java.rmi/sun.rmi.transport=ALL-UNNAMED
30-Oct-2025 12:34:36.669 INFO [main] org.apache.catalina.startup.VersionLoggerListener.log Command line argument: -Dcatalina.base=/workspaces/Parte_3_proyecto_aplicacion/apache-tomcat-10.1.47
30-Oct-2025 12:34:36.669 INFO [main] org.apache.catalina.startup.VersionLoggerListener.log Command line argument: -Dcatalina.home=/workspaces/Parte_3_proyecto_aplicacion/apache-tomcat-10.1.47
30-Oct-2025 12:34:36.674 INFO [main] org.apache.catalina.startup.VersionLoggerListener.log Command line argument: -Djava.io.tmpdir=/workspaces/Parte_3_proyecto_aplicacion/apache-tomcat-10.1.47/temp
30-Oct-2025 12:34:36.676 INFO [main] org.apache.catalina.core.AprLifecycleListener.lifecycleEvent The Apache Tomcat Native library which allows using OpenSSL was not found on the java.library.path: [/usr/java/packages/lib:/usr/lib64:/lib64:/lib:/usr/lib]
30-Oct-2025 12:34:37.232 INFO [main] org.apache.coyote.AbstractProtocol.init Initializing ProtocolHandler ["http-nio-8080"]
30-Oct-2025 12:34:37.284 INFO [main] org.apache.catalina.startup.Catalina.load Server initialization in [1116] milliseconds
30-Oct-2025 12:34:37.379 INFO [main] org.apache.catalina.core.StandardService.startInternal Starting service [Catalina]
30-Oct-2025 12:34:37.380 INFO [main] org.apache.catalina.core.StandardEngine.startInternal Starting Servlet engine: [Apache Tomcat/10.1.47]
30-Oct-2025 12:34:37.407 INFO [main] org.apache.catalina.startup.HostConfig.deployWAR Deploying web application archive [/workspaces/Parte_3_proyecto_aplicacion/apache-tomcat-10.1.47/webapps/ROOT.war]
30-Oct-2025 12:34:39.045 INFO [main] org.apache.jasper.servlet.TldScanner.scanJars At least one JAR was scanned for TLDs yet contained no TLDs. Enable debug logging for this logger for a complete list of JARs that were scanned but no TLDs were found in them. Skipping unneeded JARs during scanning can improve startup time and JSP compilation time.
30-Oct-2025 12:34:39.092 INFO [main] org.apache.catalina.startup.HostConfig.deployWAR Deployment of web application archive [/workspaces/Parte_3_proyecto_aplicacion/apache-tomcat-10.1.47/webapps/ROOT.war] has finished in [1,684] ms
30-Oct-2025 12:34:39.092 INFO [main] org.apache.catalina.startup.HostConfig.deployDirectory Deploying web application directory [/workspaces/Parte_3_proyecto_aplicacion/apache-tomcat-10.1.47/webapps/docs]
30-Oct-2025 12:34:39.972 INFO [main] org.apache.jasper.servlet.TldScanner.scanJars At least one JAR was scanned for TLDs yet contained no TLDs. Enable debug logging for this logger for a complete list of JARs that were scanned but no TLDs were found in them. Skipping unneeded JARs during scanning can improve startup time and JSP compilation time.
30-Oct-2025 12:34:39.975 INFO [main] org.apache.catalina.startup.HostConfig.deployDirectory Deployment of web application directory [/workspaces/Parte_3_proyecto_aplicacion/apache-tomcat-10.1.47/webapps/docs] has finished in [883] ms
30-Oct-2025 12:34:39.975 INFO [main] org.apache.catalina.startup.HostConfig.deployDirectory Deploying web application directory [/workspaces/Parte_3_proyecto_aplicacion/apache-tomcat-10.1.47/webapps/examples]
30-Oct-2025 12:34:40.900 INFO [main] org.apache.jasper.servlet.TldScanner.scanJars At least one JAR was scanned for TLDs yet contained no TLDs. Enable debug logging for this logger for a complete list of JARs that were scanned but no TLDs were found in them. Skipping unneeded JARs during scanning can improve startup time and JSP compilation time.
30-Oct-2025 12:34:40.943 INFO [main] org.apache.catalina.startup.HostConfig.deployDirectory Deployment of web application directory [/workspaces/Parte_3_proyecto_aplicacion/apache-tomcat-10.1.47/webapps/examples] has finished in [968] ms
30-Oct-2025 12:34:40.944 INFO [main] org.apache.catalina.startup.HostConfig.deployDirectory Deploying web application directory [/workspaces/Parte_3_proyecto_aplicacion/apache-tomcat-10.1.47/webapps/host-manager]
30-Oct-2025 12:34:41.707 INFO [main] org.apache.jasper.servlet.TldScanner.scanJars At least one JAR was scanned for TLDs yet contained no TLDs. Enable debug logging for this logger for a complete list of JARs that were scanned but no TLDs were found in them. Skipping unneeded JARs during scanning can improve startup time and JSP compilation time.
30-Oct-2025 12:34:41.716 INFO [main] org.apache.catalina.startup.HostConfig.deployDirectory Deployment of web application directory [/workspaces/Parte_3_proyecto_aplicacion/apache-tomcat-10.1.47/webapps/host-manager] has finished in [773] ms
30-Oct-2025 12:34:41.718 INFO [main] org.apache.catalina.startup.HostConfig.deployDirectory Deploying web application directory [/workspaces/Parte_3_proyecto_aplicacion/apache-tomcat-10.1.47/webapps/manager]
30-Oct-2025 12:34:42.452 INFO [main] org.apache.jasper.servlet.TldScanner.scanJars At least one JAR was scanned for TLDs yet contained no TLDs. Enable debug logging for this logger for a complete list of JARs that were scanned but no TLDs were found in them. Skipping unneeded JARs during scanning can improve startup time and JSP compilation time.
30-Oct-2025 12:34:42.455 INFO [main] org.apache.catalina.startup.HostConfig.deployDirectory Deployment of web application directory [/workspaces/Parte_3_proyecto_aplicacion/apache-tomcat-10.1.47/webapps/manager] has finished in [737] ms
30-Oct-2025 12:34:42.466 INFO [main] org.apache.coyote.AbstractProtocol.start Starting ProtocolHandler ["http-nio-8080"]
30-Oct-2025 12:34:42.478 INFO [main] org.apache.catalina.startup.Catalina.start Server startup in [5193] milliseconds
30-Oct-2025 12:35:43.300 INFO [main] org.apache.catalina.core.StandardServer.await A valid shutdown command was received via the shutdown port. Stopping the Server instance.
30-Oct-2025 12:35:43.300 INFO [main] org.apache.coyote.AbstractProtocol.pause Pausing ProtocolHandler ["http-nio-8080"]
30-Oct-2025 12:35:43.308 INFO [main] org.apache.catalina.core.StandardService.stopInternal Stopping service [Catalina]
30-Oct-2025 12:35:43.350 INFO [main] org.apache.coyote.AbstractProtocol.stop Stopping ProtocolHandler ["http-nio-8080"]
30-Oct-2025 12:35:43.377 INFO [main] org.apache.coyote.AbstractProtocol.destroy Destroying ProtocolHandler ["http-nio-8080"]
30-Oct-2025 12:35:45.894 INFO [main] org.apache.catalina.startup.VersionLoggerListener.log Server version name:   Apache Tomcat/10.1.47
30-Oct-2025 12:35:45.898 INFO [main] org.apache.catalina.startup.VersionLoggerListener.log Server built:          Oct 2 2025 12:03:51 UTC
30-Oct-2025 12:35:45.902 INFO [main] org.apache.catalina.startup.VersionLoggerListener.log Server version number: 10.1.47.0
30-Oct-2025 12:35:45.903 INFO [main] org.apache.catalina.startup.VersionLoggerListener.log OS Name:               Linux
30-Oct-2025 12:35:45.903 INFO [main] org.apache.catalina.startup.VersionLoggerListener.log OS Version:            6.8.0-1030-azure
30-Oct-2025 12:35:45.903 INFO [main] org.apache.catalina.startup.VersionLoggerListener.log Architecture:          amd64
30-Oct-2025 12:35:45.903 INFO [main] org.apache.catalina.startup.VersionLoggerListener.log Java Home:             /opt/java/11.0.14
30-Oct-2025 12:35:45.903 INFO [main] org.apache.catalina.startup.VersionLoggerListener.log JVM Version:           11.0.14.1+1-LTS
30-Oct-2025 12:35:45.903 INFO [main] org.apache.catalina.startup.VersionLoggerListener.log JVM Vendor:            Microsoft
30-Oct-2025 12:35:45.903 INFO [main] org.apache.catalina.startup.VersionLoggerListener.log CATALINA_BASE:         /workspaces/Parte_3_proyecto_aplicacion/apache-tomcat-10.1.47
30-Oct-2025 12:35:45.904 INFO [main] org.apache.catalina.startup.VersionLoggerListener.log CATALINA_HOME:         /workspaces/Parte_3_proyecto_aplicacion/apache-tomcat-10.1.47
30-Oct-2025 12:35:45.917 INFO [main] org.apache.catalina.startup.VersionLoggerListener.log Command line argument: -Djava.util.logging.config.file=/workspaces/Parte_3_proyecto_aplicacion/apache-tomcat-10.1.47/conf/logging.properties
30-Oct-2025 12:35:45.917 INFO [main] org.apache.catalina.startup.VersionLoggerListener.log Command line argument: -Djava.util.logging.manager=org.apache.juli.ClassLoaderLogManager
30-Oct-2025 12:35:45.917 INFO [main] org.apache.catalina.startup.VersionLoggerListener.log Command line argument: -Djdk.tls.ephemeralDHKeySize=2048
30-Oct-2025 12:35:45.918 INFO [main] org.apache.catalina.startup.VersionLoggerListener.log Command line argument: -Djava.protocol.handler.pkgs=org.apache.catalina.webresources
30-Oct-2025 12:35:45.919 INFO [main] org.apache.catalina.startup.VersionLoggerListener.log Command line argument: -Dsun.io.useCanonCaches=false
30-Oct-2025 12:35:45.919 INFO [main] org.apache.catalina.startup.VersionLoggerListener.log Command line argument: -Dorg.apache.catalina.security.SecurityListener.UMASK=0027
30-Oct-2025 12:35:45.919 INFO [main] org.apache.catalina.startup.VersionLoggerListener.log Command line argument: --add-opens=java.base/java.lang=ALL-UNNAMED
30-Oct-2025 12:35:45.920 INFO [main] org.apache.catalina.startup.VersionLoggerListener.log Command line argument: --add-opens=java.base/java.lang.reflect=ALL-UNNAMED
30-Oct-2025 12:35:45.920 INFO [main] org.apache.catalina.startup.VersionLoggerListener.log Command line argument: --add-opens=java.base/java.io=ALL-UNNAMED
30-Oct-2025 12:35:45.920 INFO [main] org.apache.catalina.startup.VersionLoggerListener.log Command line argument: --add-opens=java.base/java.util=ALL-UNNAMED
30-Oct-2025 12:35:45.921 INFO [main] org.apache.catalina.startup.VersionLoggerListener.log Command line argument: --add-opens=java.base/java.util.concurrent=ALL-UNNAMED
30-Oct-2025 12:35:45.922 INFO [main] org.apache.catalina.startup.VersionLoggerListener.log Command line argument: --add-opens=java.rmi/sun.rmi.transport=ALL-UNNAMED
30-Oct-2025 12:35:45.924 INFO [main] org.apache.catalina.startup.VersionLoggerListener.log Command line argument: -Dcatalina.base=/workspaces/Parte_3_proyecto_aplicacion/apache-tomcat-10.1.47
30-Oct-2025 12:35:45.924 INFO [main] org.apache.catalina.startup.VersionLoggerListener.log Command line argument: -Dcatalina.home=/workspaces/Parte_3_proyecto_aplicacion/apache-tomcat-10.1.47
30-Oct-2025 12:35:45.924 INFO [main] org.apache.catalina.startup.VersionLoggerListener.log Command line argument: -Djava.io.tmpdir=/workspaces/Parte_3_proyecto_aplicacion/apache-tomcat-10.1.47/temp
30-Oct-2025 12:35:45.926 INFO [main] org.apache.catalina.core.AprLifecycleListener.lifecycleEvent The Apache Tomcat Native library which allows using OpenSSL was not found on the java.library.path: [/usr/java/packages/lib:/usr/lib64:/lib64:/lib:/usr/lib]
30-Oct-2025 12:35:46.563 INFO [main] org.apache.coyote.AbstractProtocol.init Initializing ProtocolHandler ["http-nio-8080"]
30-Oct-2025 12:35:46.607 INFO [main] org.apache.catalina.startup.Catalina.load Server initialization in [1284] milliseconds
30-Oct-2025 12:35:46.671 INFO [main] org.apache.catalina.core.StandardService.startInternal Starting service [Catalina]
30-Oct-2025 12:35:46.671 INFO [main] org.apache.catalina.core.StandardEngine.startInternal Starting Servlet engine: [Apache Tomcat/10.1.47]
30-Oct-2025 12:35:46.702 INFO [main] org.apache.catalina.startup.HostConfig.deployWAR Deploying web application archive [/workspaces/Parte_3_proyecto_aplicacion/apache-tomcat-10.1.47/webapps/ROOT.war]
30-Oct-2025 12:35:48.180 INFO [main] org.apache.jasper.servlet.TldScanner.scanJars At least one JAR was scanned for TLDs yet contained no TLDs. Enable debug logging for this logger for a complete list of JARs that were scanned but no TLDs were found in them. Skipping unneeded JARs during scanning can improve startup time and JSP compilation time.
30-Oct-2025 12:35:48.230 INFO [main] org.apache.catalina.startup.HostConfig.deployWAR Deployment of web application archive [/workspaces/Parte_3_proyecto_aplicacion/apache-tomcat-10.1.47/webapps/ROOT.war] has finished in [1,528] ms
30-Oct-2025 12:35:48.233 INFO [main] org.apache.catalina.startup.HostConfig.deployDirectory Deploying web application directory [/workspaces/Parte_3_proyecto_aplicacion/apache-tomcat-10.1.47/webapps/docs]
30-Oct-2025 12:35:48.987 INFO [main] org.apache.jasper.servlet.TldScanner.scanJars At least one JAR was scanned for TLDs yet contained no TLDs. Enable debug logging for this logger for a complete list of JARs that were scanned but no TLDs were found in them. Skipping unneeded JARs during scanning can improve startup time and JSP compilation time.
30-Oct-2025 12:35:48.990 INFO [main] org.apache.catalina.startup.HostConfig.deployDirectory Deployment of web application directory [/workspaces/Parte_3_proyecto_aplicacion/apache-tomcat-10.1.47/webapps/docs] has finished in [757] ms
30-Oct-2025 12:35:48.990 INFO [main] org.apache.catalina.startup.HostConfig.deployDirectory Deploying web application directory [/workspaces/Parte_3_proyecto_aplicacion/apache-tomcat-10.1.47/webapps/examples]
30-Oct-2025 12:35:50.006 INFO [main] org.apache.jasper.servlet.TldScanner.scanJars At least one JAR was scanned for TLDs yet contained no TLDs. Enable debug logging for this logger for a complete list of JARs that were scanned but no TLDs were found in them. Skipping unneeded JARs during scanning can improve startup time and JSP compilation time.
30-Oct-2025 12:35:50.057 INFO [main] org.apache.catalina.startup.HostConfig.deployDirectory Deployment of web application directory [/workspaces/Parte_3_proyecto_aplicacion/apache-tomcat-10.1.47/webapps/examples] has finished in [1,067] ms
30-Oct-2025 12:35:50.059 INFO [main] org.apache.catalina.startup.HostConfig.deployDirectory Deploying web application directory [/workspaces/Parte_3_proyecto_aplicacion/apache-tomcat-10.1.47/webapps/host-manager]
30-Oct-2025 12:35:51.089 INFO [main] org.apache.jasper.servlet.TldScanner.scanJars At least one JAR was scanned for TLDs yet contained no TLDs. Enable debug logging for this logger for a complete list of JARs that were scanned but no TLDs were found in them. Skipping unneeded JARs during scanning can improve startup time and JSP compilation time.
30-Oct-2025 12:35:51.103 INFO [main] org.apache.catalina.startup.HostConfig.deployDirectory Deployment of web application directory [/workspaces/Parte_3_proyecto_aplicacion/apache-tomcat-10.1.47/webapps/host-manager] has finished in [1,044] ms
30-Oct-2025 12:35:51.108 INFO [main] org.apache.catalina.startup.HostConfig.deployDirectory Deploying web application directory [/workspaces/Parte_3_proyecto_aplicacion/apache-tomcat-10.1.47/webapps/manager]
30-Oct-2025 12:35:51.939 INFO [main] org.apache.jasper.servlet.TldScanner.scanJars At least one JAR was scanned for TLDs yet contained no TLDs. Enable debug logging for this logger for a complete list of JARs that were scanned but no TLDs were found in them. Skipping unneeded JARs during scanning can improve startup time and JSP compilation time.
30-Oct-2025 12:35:51.942 INFO [main] org.apache.catalina.startup.HostConfig.deployDirectory Deployment of web application directory [/workspaces/Parte_3_proyecto_aplicacion/apache-tomcat-10.1.47/webapps/manager] has finished in [834] ms
30-Oct-2025 12:35:51.949 INFO [main] org.apache.coyote.AbstractProtocol.start Starting ProtocolHandler ["http-nio-8080"]
30-Oct-2025 12:35:51.966 INFO [main] org.apache.catalina.startup.Catalina.start Server startup in [5358] milliseconds
30-Oct-2025 12:40:42.006 INFO [Catalina-utility-2] org.apache.catalina.startup.HostConfig.deployWAR Deploying web application archive [/workspaces/Parte_3_proyecto_aplicacion/apache-tomcat-10.1.47/webapps/Laboratorio2PaP.war]
30-Oct-2025 12:40:44.208 INFO [Catalina-utility-2] org.apache.jasper.servlet.TldScanner.scanJars At least one JAR was scanned for TLDs yet contained no TLDs. Enable debug logging for this logger for a complete list of JARs that were scanned but no TLDs were found in them. Skipping unneeded JARs during scanning can improve startup time and JSP compilation time.
30-Oct-2025 12:40:44.219 INFO [Catalina-utility-2] org.apache.catalina.startup.HostConfig.deployWAR Deployment of web application archive [/workspaces/Parte_3_proyecto_aplicacion/apache-tomcat-10.1.47/webapps/Laboratorio2PaP.war] has finished in [2,213] ms
