29-Oct-2025 15:28:23.799 INFO [main] org.apache.catalina.startup.VersionLoggerListener.log Server version name:   Apache Tomcat/10.1.47
29-Oct-2025 15:28:23.809 INFO [main] org.apache.catalina.startup.VersionLoggerListener.log Server built:          Oct 2 2025 12:03:51 UTC
29-Oct-2025 15:28:23.809 INFO [main] org.apache.catalina.startup.VersionLoggerListener.log Server version number: 10.1.47.0
29-Oct-2025 15:28:23.811 INFO [main] org.apache.catalina.startup.VersionLoggerListener.log OS Name:               Linux
29-Oct-2025 15:28:23.812 INFO [main] org.apache.catalina.startup.VersionLoggerListener.log OS Version:            6.8.0-1030-azure
29-Oct-2025 15:28:23.812 INFO [main] org.apache.catalina.startup.VersionLoggerListener.log Architecture:          amd64
29-Oct-2025 15:28:23.812 INFO [main] org.apache.catalina.startup.VersionLoggerListener.log Java Home:             /opt/java/11.0.14
29-Oct-2025 15:28:23.812 INFO [main] org.apache.catalina.startup.VersionLoggerListener.log JVM Version:           11.0.14.1+1-LTS
29-Oct-2025 15:28:23.812 INFO [main] org.apache.catalina.startup.VersionLoggerListener.log JVM Vendor:            Microsoft
29-Oct-2025 15:28:23.812 INFO [main] org.apache.catalina.startup.VersionLoggerListener.log CATALINA_BASE:         /workspaces/Parte_3_proyecto_aplicacion/apache-tomcat-10.1.47
29-Oct-2025 15:28:23.813 INFO [main] org.apache.catalina.startup.VersionLoggerListener.log CATALINA_HOME:         /workspaces/Parte_3_proyecto_aplicacion/apache-tomcat-10.1.47
29-Oct-2025 15:28:23.838 INFO [main] org.apache.catalina.startup.VersionLoggerListener.log Command line argument: -Djava.util.logging.config.file=/workspaces/Parte_3_proyecto_aplicacion/apache-tomcat-10.1.47/conf/logging.properties
29-Oct-2025 15:28:23.839 INFO [main] org.apache.catalina.startup.VersionLoggerListener.log Command line argument: -Djava.util.logging.manager=org.apache.juli.ClassLoaderLogManager
29-Oct-2025 15:28:23.840 INFO [main] org.apache.catalina.startup.VersionLoggerListener.log Command line argument: -Djdk.tls.ephemeralDHKeySize=2048
29-Oct-2025 15:28:23.840 INFO [main] org.apache.catalina.startup.VersionLoggerListener.log Command line argument: -Djava.protocol.handler.pkgs=org.apache.catalina.webresources
29-Oct-2025 15:28:23.841 INFO [main] org.apache.catalina.startup.VersionLoggerListener.log Command line argument: -Dsun.io.useCanonCaches=false
29-Oct-2025 15:28:23.841 INFO [main] org.apache.catalina.startup.VersionLoggerListener.log Command line argument: -Dorg.apache.catalina.security.SecurityListener.UMASK=0027
29-Oct-2025 15:28:23.842 INFO [main] org.apache.catalina.startup.VersionLoggerListener.log Command line argument: --add-opens=java.base/java.lang=ALL-UNNAMED
29-Oct-2025 15:28:23.842 INFO [main] org.apache.catalina.startup.VersionLoggerListener.log Command line argument: --add-opens=java.base/java.lang.reflect=ALL-UNNAMED
29-Oct-2025 15:28:23.843 INFO [main] org.apache.catalina.startup.VersionLoggerListener.log Command line argument: --add-opens=java.base/java.io=ALL-UNNAMED
29-Oct-2025 15:28:23.844 INFO [main] org.apache.catalina.startup.VersionLoggerListener.log Command line argument: --add-opens=java.base/java.util=ALL-UNNAMED
29-Oct-2025 15:28:23.844 INFO [main] org.apache.catalina.startup.VersionLoggerListener.log Command line argument: --add-opens=java.base/java.util.concurrent=ALL-UNNAMED
29-Oct-2025 15:28:23.844 INFO [main] org.apache.catalina.startup.VersionLoggerListener.log Command line argument: --add-opens=java.rmi/sun.rmi.transport=ALL-UNNAMED
29-Oct-2025 15:28:23.844 INFO [main] org.apache.catalina.startup.VersionLoggerListener.log Command line argument: -Dcatalina.base=/workspaces/Parte_3_proyecto_aplicacion/apache-tomcat-10.1.47
29-Oct-2025 15:28:23.844 INFO [main] org.apache.catalina.startup.VersionLoggerListener.log Command line argument: -Dcatalina.home=/workspaces/Parte_3_proyecto_aplicacion/apache-tomcat-10.1.47
29-Oct-2025 15:28:23.844 INFO [main] org.apache.catalina.startup.VersionLoggerListener.log Command line argument: -Djava.io.tmpdir=/workspaces/Parte_3_proyecto_aplicacion/apache-tomcat-10.1.47/temp
29-Oct-2025 15:28:23.847 INFO [main] org.apache.catalina.core.AprLifecycleListener.lifecycleEvent The Apache Tomcat Native library which allows using OpenSSL was not found on the java.library.path: [/usr/java/packages/lib:/usr/lib64:/lib64:/lib:/usr/lib]
29-Oct-2025 15:28:24.267 INFO [main] org.apache.coyote.AbstractProtocol.init Initializing ProtocolHandler ["http-nio-8080"]
29-Oct-2025 15:28:24.309 INFO [main] org.apache.catalina.startup.Catalina.load Server initialization in [833] milliseconds
29-Oct-2025 15:28:24.364 INFO [main] org.apache.catalina.core.StandardService.startInternal Starting service [Catalina]
29-Oct-2025 15:28:24.364 INFO [main] org.apache.catalina.core.StandardEngine.startInternal Starting Servlet engine: [Apache Tomcat/10.1.47]
29-Oct-2025 15:28:24.384 INFO [main] org.apache.catalina.startup.HostConfig.deployWAR Deploying web application archive [/workspaces/Parte_3_proyecto_aplicacion/apache-tomcat-10.1.47/webapps/ROOT.war]
29-Oct-2025 15:28:24.868 INFO [main] org.apache.catalina.startup.HostConfig.deployWAR Deployment of web application archive [/workspaces/Parte_3_proyecto_aplicacion/apache-tomcat-10.1.47/webapps/ROOT.war] has finished in [481] ms
29-Oct-2025 15:28:24.869 INFO [main] org.apache.catalina.startup.HostConfig.deployDirectory Deploying web application directory [/workspaces/Parte_3_proyecto_aplicacion/apache-tomcat-10.1.47/webapps/docs]
29-Oct-2025 15:28:24.929 INFO [main] org.apache.catalina.startup.HostConfig.deployDirectory Deployment of web application directory [/workspaces/Parte_3_proyecto_aplicacion/apache-tomcat-10.1.47/webapps/docs] has finished in [60] ms
29-Oct-2025 15:28:24.933 INFO [main] org.apache.catalina.startup.HostConfig.deployDirectory Deploying web application directory [/workspaces/Parte_3_proyecto_aplicacion/apache-tomcat-10.1.47/webapps/examples]
29-Oct-2025 15:28:25.285 INFO [main] org.apache.catalina.startup.HostConfig.deployDirectory Deployment of web application directory [/workspaces/Parte_3_proyecto_aplicacion/apache-tomcat-10.1.47/webapps/examples] has finished in [352] ms
29-Oct-2025 15:28:25.286 INFO [main] org.apache.catalina.startup.HostConfig.deployDirectory Deploying web application directory [/workspaces/Parte_3_proyecto_aplicacion/apache-tomcat-10.1.47/webapps/host-manager]
29-Oct-2025 15:28:25.308 INFO [main] org.apache.catalina.startup.HostConfig.deployDirectory Deployment of web application directory [/workspaces/Parte_3_proyecto_aplicacion/apache-tomcat-10.1.47/webapps/host-manager] has finished in [22] ms
29-Oct-2025 15:28:25.308 INFO [main] org.apache.catalina.startup.HostConfig.deployDirectory Deploying web application directory [/workspaces/Parte_3_proyecto_aplicacion/apache-tomcat-10.1.47/webapps/manager]
29-Oct-2025 15:28:25.328 INFO [main] org.apache.catalina.startup.HostConfig.deployDirectory Deployment of web application directory [/workspaces/Parte_3_proyecto_aplicacion/apache-tomcat-10.1.47/webapps/manager] has finished in [19] ms
29-Oct-2025 15:28:25.333 INFO [main] org.apache.coyote.AbstractProtocol.start Starting ProtocolHandler ["http-nio-8080"]
29-Oct-2025 15:28:25.346 INFO [main] org.apache.catalina.startup.Catalina.start Server startup in [1035] milliseconds
29-Oct-2025 15:33:24.900 INFO [main] org.apache.catalina.core.StandardServer.await A valid shutdown command was received via the shutdown port. Stopping the Server instance.
29-Oct-2025 15:33:24.902 INFO [main] org.apache.coyote.AbstractProtocol.pause Pausing ProtocolHandler ["http-nio-8080"]
29-Oct-2025 15:33:24.904 INFO [main] org.apache.catalina.core.StandardService.stopInternal Stopping service [Catalina]
29-Oct-2025 15:33:24.930 INFO [main] org.apache.coyote.AbstractProtocol.stop Stopping ProtocolHandler ["http-nio-8080"]
29-Oct-2025 15:33:24.942 INFO [main] org.apache.coyote.AbstractProtocol.destroy Destroying ProtocolHandler ["http-nio-8080"]
29-Oct-2025 15:33:26.867 INFO [main] org.apache.catalina.startup.VersionLoggerListener.log Server version name:   Apache Tomcat/10.1.47
29-Oct-2025 15:33:26.877 INFO [main] org.apache.catalina.startup.VersionLoggerListener.log Server built:          Oct 2 2025 12:03:51 UTC
29-Oct-2025 15:33:26.879 INFO [main] org.apache.catalina.startup.VersionLoggerListener.log Server version number: 10.1.47.0
29-Oct-2025 15:33:26.879 INFO [main] org.apache.catalina.startup.VersionLoggerListener.log OS Name:               Linux
29-Oct-2025 15:33:26.879 INFO [main] org.apache.catalina.startup.VersionLoggerListener.log OS Version:            6.8.0-1030-azure
29-Oct-2025 15:33:26.879 INFO [main] org.apache.catalina.startup.VersionLoggerListener.log Architecture:          amd64
29-Oct-2025 15:33:26.879 INFO [main] org.apache.catalina.startup.VersionLoggerListener.log Java Home:             /opt/java/11.0.14
29-Oct-2025 15:33:26.880 INFO [main] org.apache.catalina.startup.VersionLoggerListener.log JVM Version:           11.0.14.1+1-LTS
29-Oct-2025 15:33:26.880 INFO [main] org.apache.catalina.startup.VersionLoggerListener.log JVM Vendor:            Microsoft
29-Oct-2025 15:33:26.880 INFO [main] org.apache.catalina.startup.VersionLoggerListener.log CATALINA_BASE:         /workspaces/Parte_3_proyecto_aplicacion/apache-tomcat-10.1.47
29-Oct-2025 15:33:26.880 INFO [main] org.apache.catalina.startup.VersionLoggerListener.log CATALINA_HOME:         /workspaces/Parte_3_proyecto_aplicacion/apache-tomcat-10.1.47
29-Oct-2025 15:33:26.896 INFO [main] org.apache.catalina.startup.VersionLoggerListener.log Command line argument: -Djava.util.logging.config.file=/workspaces/Parte_3_proyecto_aplicacion/apache-tomcat-10.1.47/conf/logging.properties
29-Oct-2025 15:33:26.898 INFO [main] org.apache.catalina.startup.VersionLoggerListener.log Command line argument: -Djava.util.logging.manager=org.apache.juli.ClassLoaderLogManager
29-Oct-2025 15:33:26.899 INFO [main] org.apache.catalina.startup.VersionLoggerListener.log Command line argument: -Djdk.tls.ephemeralDHKeySize=2048
29-Oct-2025 15:33:26.899 INFO [main] org.apache.catalina.startup.VersionLoggerListener.log Command line argument: -Djava.protocol.handler.pkgs=org.apache.catalina.webresources
29-Oct-2025 15:33:26.900 INFO [main] org.apache.catalina.startup.VersionLoggerListener.log Command line argument: -Dsun.io.useCanonCaches=false
29-Oct-2025 15:33:26.900 INFO [main] org.apache.catalina.startup.VersionLoggerListener.log Command line argument: -Dorg.apache.catalina.security.SecurityListener.UMASK=0027
29-Oct-2025 15:33:26.900 INFO [main] org.apache.catalina.startup.VersionLoggerListener.log Command line argument: --add-opens=java.base/java.lang=ALL-UNNAMED
29-Oct-2025 15:33:26.901 INFO [main] org.apache.catalina.startup.VersionLoggerListener.log Command line argument: --add-opens=java.base/java.lang.reflect=ALL-UNNAMED
29-Oct-2025 15:33:26.902 INFO [main] org.apache.catalina.startup.VersionLoggerListener.log Command line argument: --add-opens=java.base/java.io=ALL-UNNAMED
29-Oct-2025 15:33:26.902 INFO [main] org.apache.catalina.startup.VersionLoggerListener.log Command line argument: --add-opens=java.base/java.util=ALL-UNNAMED
29-Oct-2025 15:33:26.903 INFO [main] org.apache.catalina.startup.VersionLoggerListener.log Command line argument: --add-opens=java.base/java.util.concurrent=ALL-UNNAMED
29-Oct-2025 15:33:26.903 INFO [main] org.apache.catalina.startup.VersionLoggerListener.log Command line argument: --add-opens=java.rmi/sun.rmi.transport=ALL-UNNAMED
29-Oct-2025 15:33:26.903 INFO [main] org.apache.catalina.startup.VersionLoggerListener.log Command line argument: -Dcatalina.base=/workspaces/Parte_3_proyecto_aplicacion/apache-tomcat-10.1.47
29-Oct-2025 15:33:26.903 INFO [main] org.apache.catalina.startup.VersionLoggerListener.log Command line argument: -Dcatalina.home=/workspaces/Parte_3_proyecto_aplicacion/apache-tomcat-10.1.47
29-Oct-2025 15:33:26.903 INFO [main] org.apache.catalina.startup.VersionLoggerListener.log Command line argument: -Djava.io.tmpdir=/workspaces/Parte_3_proyecto_aplicacion/apache-tomcat-10.1.47/temp
29-Oct-2025 15:33:26.905 INFO [main] org.apache.catalina.core.AprLifecycleListener.lifecycleEvent The Apache Tomcat Native library which allows using OpenSSL was not found on the java.library.path: [/usr/java/packages/lib:/usr/lib64:/lib64:/lib:/usr/lib]
29-Oct-2025 15:33:27.398 INFO [main] org.apache.coyote.AbstractProtocol.init Initializing ProtocolHandler ["http-nio-8080"]
29-Oct-2025 15:33:27.448 INFO [main] org.apache.catalina.startup.Catalina.load Server initialization in [898] milliseconds
29-Oct-2025 15:33:27.536 INFO [main] org.apache.catalina.core.StandardService.startInternal Starting service [Catalina]
29-Oct-2025 15:33:27.537 INFO [main] org.apache.catalina.core.StandardEngine.startInternal Starting Servlet engine: [Apache Tomcat/10.1.47]
29-Oct-2025 15:33:27.562 INFO [main] org.apache.catalina.startup.HostConfig.deployWAR Deploying web application archive [/workspaces/Parte_3_proyecto_aplicacion/apache-tomcat-10.1.47/webapps/ROOT.war]
29-Oct-2025 15:33:28.054 INFO [main] org.apache.catalina.startup.HostConfig.deployWAR Deployment of web application archive [/workspaces/Parte_3_proyecto_aplicacion/apache-tomcat-10.1.47/webapps/ROOT.war] has finished in [491] ms
29-Oct-2025 15:33:28.055 INFO [main] org.apache.catalina.startup.HostConfig.deployDirectory Deploying web application directory [/workspaces/Parte_3_proyecto_aplicacion/apache-tomcat-10.1.47/webapps/docs]
29-Oct-2025 15:33:28.080 INFO [main] org.apache.catalina.startup.HostConfig.deployDirectory Deployment of web application directory [/workspaces/Parte_3_proyecto_aplicacion/apache-tomcat-10.1.47/webapps/docs] has finished in [25] ms
29-Oct-2025 15:33:28.080 INFO [main] org.apache.catalina.startup.HostConfig.deployDirectory Deploying web application directory [/workspaces/Parte_3_proyecto_aplicacion/apache-tomcat-10.1.47/webapps/examples]
29-Oct-2025 15:33:28.426 INFO [main] org.apache.catalina.startup.HostConfig.deployDirectory Deployment of web application directory [/workspaces/Parte_3_proyecto_aplicacion/apache-tomcat-10.1.47/webapps/examples] has finished in [346] ms
29-Oct-2025 15:33:28.427 INFO [main] org.apache.catalina.startup.HostConfig.deployDirectory Deploying web application directory [/workspaces/Parte_3_proyecto_aplicacion/apache-tomcat-10.1.47/webapps/host-manager]
29-Oct-2025 15:33:28.465 INFO [main] org.apache.catalina.startup.HostConfig.deployDirectory Deployment of web application directory [/workspaces/Parte_3_proyecto_aplicacion/apache-tomcat-10.1.47/webapps/host-manager] has finished in [39] ms
29-Oct-2025 15:33:28.465 INFO [main] org.apache.catalina.startup.HostConfig.deployDirectory Deploying web application directory [/workspaces/Parte_3_proyecto_aplicacion/apache-tomcat-10.1.47/webapps/manager]
29-Oct-2025 15:33:28.500 INFO [main] org.apache.catalina.startup.HostConfig.deployDirectory Deployment of web application directory [/workspaces/Parte_3_proyecto_aplicacion/apache-tomcat-10.1.47/webapps/manager] has finished in [34] ms
29-Oct-2025 15:33:28.505 INFO [main] org.apache.coyote.AbstractProtocol.start Starting ProtocolHandler ["http-nio-8080"]
29-Oct-2025 15:33:28.533 INFO [main] org.apache.catalina.startup.Catalina.start Server startup in [1083] milliseconds
29-Oct-2025 15:49:07.925 INFO [main] org.apache.catalina.core.StandardServer.await A valid shutdown command was received via the shutdown port. Stopping the Server instance.
29-Oct-2025 15:49:07.926 INFO [main] org.apache.coyote.AbstractProtocol.pause Pausing ProtocolHandler ["http-nio-8080"]
29-Oct-2025 15:49:07.931 INFO [main] org.apache.catalina.core.StandardService.stopInternal Stopping service [Catalina]
29-Oct-2025 15:49:07.977 INFO [main] org.apache.coyote.AbstractProtocol.stop Stopping ProtocolHandler ["http-nio-8080"]
29-Oct-2025 15:49:07.988 INFO [main] org.apache.coyote.AbstractProtocol.destroy Destroying ProtocolHandler ["http-nio-8080"]
29-Oct-2025 15:49:09.857 INFO [main] org.apache.catalina.startup.VersionLoggerListener.log Server version name:   Apache Tomcat/10.1.47
29-Oct-2025 15:49:09.870 INFO [main] org.apache.catalina.startup.VersionLoggerListener.log Server built:          Oct 2 2025 12:03:51 UTC
29-Oct-2025 15:49:09.871 INFO [main] org.apache.catalina.startup.VersionLoggerListener.log Server version number: 10.1.47.0
29-Oct-2025 15:49:09.871 INFO [main] org.apache.catalina.startup.VersionLoggerListener.log OS Name:               Linux
29-Oct-2025 15:49:09.871 INFO [main] org.apache.catalina.startup.VersionLoggerListener.log OS Version:            6.8.0-1030-azure
29-Oct-2025 15:49:09.871 INFO [main] org.apache.catalina.startup.VersionLoggerListener.log Architecture:          amd64
29-Oct-2025 15:49:09.871 INFO [main] org.apache.catalina.startup.VersionLoggerListener.log Java Home:             /opt/java/11.0.14
29-Oct-2025 15:49:09.871 INFO [main] org.apache.catalina.startup.VersionLoggerListener.log JVM Version:           11.0.14.1+1-LTS
29-Oct-2025 15:49:09.876 INFO [main] org.apache.catalina.startup.VersionLoggerListener.log JVM Vendor:            Microsoft
29-Oct-2025 15:49:09.876 INFO [main] org.apache.catalina.startup.VersionLoggerListener.log CATALINA_BASE:         /workspaces/Parte_3_proyecto_aplicacion/apache-tomcat-10.1.47
29-Oct-2025 15:49:09.876 INFO [main] org.apache.catalina.startup.VersionLoggerListener.log CATALINA_HOME:         /workspaces/Parte_3_proyecto_aplicacion/apache-tomcat-10.1.47
29-Oct-2025 15:49:09.903 INFO [main] org.apache.catalina.startup.VersionLoggerListener.log Command line argument: -Djava.util.logging.config.file=/workspaces/Parte_3_proyecto_aplicacion/apache-tomcat-10.1.47/conf/logging.properties
29-Oct-2025 15:49:09.908 INFO [main] org.apache.catalina.startup.VersionLoggerListener.log Command line argument: -Djava.util.logging.manager=org.apache.juli.ClassLoaderLogManager
29-Oct-2025 15:49:09.908 INFO [main] org.apache.catalina.startup.VersionLoggerListener.log Command line argument: -Djdk.tls.ephemeralDHKeySize=2048
29-Oct-2025 15:49:09.911 INFO [main] org.apache.catalina.startup.VersionLoggerListener.log Command line argument: -Djava.protocol.handler.pkgs=org.apache.catalina.webresources
29-Oct-2025 15:49:09.911 INFO [main] org.apache.catalina.startup.VersionLoggerListener.log Command line argument: -Dsun.io.useCanonCaches=false
29-Oct-2025 15:49:09.912 INFO [main] org.apache.catalina.startup.VersionLoggerListener.log Command line argument: -Dorg.apache.catalina.security.SecurityListener.UMASK=0027
29-Oct-2025 15:49:09.912 INFO [main] org.apache.catalina.startup.VersionLoggerListener.log Command line argument: --add-opens=java.base/java.lang=ALL-UNNAMED
29-Oct-2025 15:49:09.912 INFO [main] org.apache.catalina.startup.VersionLoggerListener.log Command line argument: --add-opens=java.base/java.lang.reflect=ALL-UNNAMED
29-Oct-2025 15:49:09.912 INFO [main] org.apache.catalina.startup.VersionLoggerListener.log Command line argument: --add-opens=java.base/java.io=ALL-UNNAMED
29-Oct-2025 15:49:09.912 INFO [main] org.apache.catalina.startup.VersionLoggerListener.log Command line argument: --add-opens=java.base/java.util=ALL-UNNAMED
29-Oct-2025 15:49:09.912 INFO [main] org.apache.catalina.startup.VersionLoggerListener.log Command line argument: --add-opens=java.base/java.util.concurrent=ALL-UNNAMED
29-Oct-2025 15:49:09.912 INFO [main] org.apache.catalina.startup.VersionLoggerListener.log Command line argument: --add-opens=java.rmi/sun.rmi.transport=ALL-UNNAMED
29-Oct-2025 15:49:09.914 INFO [main] org.apache.catalina.startup.VersionLoggerListener.log Command line argument: -Dcatalina.base=/workspaces/Parte_3_proyecto_aplicacion/apache-tomcat-10.1.47
29-Oct-2025 15:49:09.914 INFO [main] org.apache.catalina.startup.VersionLoggerListener.log Command line argument: -Dcatalina.home=/workspaces/Parte_3_proyecto_aplicacion/apache-tomcat-10.1.47
29-Oct-2025 15:49:09.914 INFO [main] org.apache.catalina.startup.VersionLoggerListener.log Command line argument: -Djava.io.tmpdir=/workspaces/Parte_3_proyecto_aplicacion/apache-tomcat-10.1.47/temp
29-Oct-2025 15:49:09.920 INFO [main] org.apache.catalina.core.AprLifecycleListener.lifecycleEvent The Apache Tomcat Native library which allows using OpenSSL was not found on the java.library.path: [/usr/java/packages/lib:/usr/lib64:/lib64:/lib:/usr/lib]
29-Oct-2025 15:49:11.240 INFO [main] org.apache.coyote.AbstractProtocol.init Initializing ProtocolHandler ["http-nio-8080"]
29-Oct-2025 15:49:11.299 INFO [main] org.apache.catalina.startup.Catalina.load Server initialization in [1901] milliseconds
29-Oct-2025 15:49:11.373 INFO [main] org.apache.catalina.core.StandardService.startInternal Starting service [Catalina]
29-Oct-2025 15:49:11.373 INFO [main] org.apache.catalina.core.StandardEngine.startInternal Starting Servlet engine: [Apache Tomcat/10.1.47]
29-Oct-2025 15:49:11.402 INFO [main] org.apache.catalina.startup.HostConfig.deployWAR Deploying web application archive [/workspaces/Parte_3_proyecto_aplicacion/apache-tomcat-10.1.47/webapps/ROOT.war]
29-Oct-2025 15:49:11.863 INFO [main] org.apache.catalina.startup.HostConfig.deployWAR Deployment of web application archive [/workspaces/Parte_3_proyecto_aplicacion/apache-tomcat-10.1.47/webapps/ROOT.war] has finished in [460] ms
29-Oct-2025 15:49:11.864 INFO [main] org.apache.catalina.startup.HostConfig.deployDirectory Deploying web application directory [/workspaces/Parte_3_proyecto_aplicacion/apache-tomcat-10.1.47/webapps/docs]
29-Oct-2025 15:49:11.899 INFO [main] org.apache.catalina.startup.HostConfig.deployDirectory Deployment of web application directory [/workspaces/Parte_3_proyecto_aplicacion/apache-tomcat-10.1.47/webapps/docs] has finished in [34] ms
29-Oct-2025 15:49:11.899 INFO [main] org.apache.catalina.startup.HostConfig.deployDirectory Deploying web application directory [/workspaces/Parte_3_proyecto_aplicacion/apache-tomcat-10.1.47/webapps/examples]
29-Oct-2025 15:49:12.202 INFO [main] org.apache.catalina.startup.HostConfig.deployDirectory Deployment of web application directory [/workspaces/Parte_3_proyecto_aplicacion/apache-tomcat-10.1.47/webapps/examples] has finished in [303] ms
29-Oct-2025 15:49:12.204 INFO [main] org.apache.catalina.startup.HostConfig.deployDirectory Deploying web application directory [/workspaces/Parte_3_proyecto_aplicacion/apache-tomcat-10.1.47/webapps/host-manager]
29-Oct-2025 15:49:12.243 INFO [main] org.apache.catalina.startup.HostConfig.deployDirectory Deployment of web application directory [/workspaces/Parte_3_proyecto_aplicacion/apache-tomcat-10.1.47/webapps/host-manager] has finished in [39] ms
29-Oct-2025 15:49:12.244 INFO [main] org.apache.catalina.startup.HostConfig.deployDirectory Deploying web application directory [/workspaces/Parte_3_proyecto_aplicacion/apache-tomcat-10.1.47/webapps/manager]
29-Oct-2025 15:49:12.266 INFO [main] org.apache.catalina.startup.HostConfig.deployDirectory Deployment of web application directory [/workspaces/Parte_3_proyecto_aplicacion/apache-tomcat-10.1.47/webapps/manager] has finished in [22] ms
29-Oct-2025 15:49:12.271 INFO [main] org.apache.coyote.AbstractProtocol.start Starting ProtocolHandler ["http-nio-8080"]
29-Oct-2025 15:49:12.285 INFO [main] org.apache.catalina.startup.Catalina.start Server startup in [985] milliseconds
29-Oct-2025 15:49:32.283 INFO [Catalina-utility-1] org.apache.catalina.users.MemoryUserDatabase.backgroundProcess Reloading memory user database [UserDatabase] from updated source [file:/workspaces/Parte_3_proyecto_aplicacion/apache-tomcat-10.1.47/conf/tomcat-users.xml]
